<?xml version="1.0" encoding="UTF-8"?>
<!-- Generated by org.testng.reporters.JUnitReportReporter -->
<testsuite skipped="0" hostname="DESKTOP-89OTHQ5" name="com.tests.LoginTest" tests="1" failures="0" timestamp="04 Dec 2021 08:07:02 GMT" time="0.073" errors="0">
  <testcase name="test01" time="0.073" classname="com.tests.LoginTest"/>
</testsuite> <!-- com.tests.LoginTest -->
